<?xml version="1.0" encoding="UTF-8"?>
<!-- Generated by org.testng.reporters.JUnitXMLReporter -->
<testsuite hostname="LM0000794" ignored="0" name="Test" tests="2" failures="1" timestamp="17 Jan 2020 06:58:46 GMT" time="20.263" errors="0">
  <testcase name="@BeforeSuite beforesuite" time="0.0" classname="com.rapido.test.RapidoAutomation.load.Apploader">
    <failure type="org.testng.TestNGException" message="
Can inject only one of &amp;lt;ITestContext, XmlTest&amp;gt; into a @BeforeSuite annotated beforesuite.
For more information on native dependency injection please refer to http://testng.org/doc/documentation-main.html#native-dependency-injection">
      <![CDATA[org.testng.TestNGException: 
Can inject only one of <ITestContext, XmlTest> into a @BeforeSuite annotated beforesuite.
For more information on native dependency injection please refer to http://testng.org/doc/documentation-main.html#native-dependency-injection
... Removed 17 stack frames]]>
    </failure>
  </testcase> <!-- @BeforeSuite beforesuite -->
  <testcase name="testAmazon" time="0.0" classname="com.rapido.test.RapidoAutomation.ValidateAmazonTest">
    <skipped/>
  </testcase> <!-- testAmazon -->
  <testcase name="testAmazon" time="16.465" classname="com.rapido.test.RapidoAutomation.ValidateAmazonTest">
    <failure type="java.lang.NullPointerException">
      <![CDATA[java.lang.NullPointerException
at com.rapido.test.RapidoAutomation.pages.ReportUtils.onTestSkipped(ReportUtils.java:72)
... Removed 23 stack frames]]>
    </failure>
  </testcase> <!-- testAmazon -->
</testsuite> <!-- Test -->
