<?xml version="1.0" encoding="UTF-8"?>
<testng-results skipped="0" failed="0" ignored="0" total="1" passed="1">
  <reporter-output>
  </reporter-output>
  <suite name="Suite" duration-ms="9210" started-at="2020-01-17T10:34:46Z" finished-at="2020-01-17T10:34:56Z">
    <groups>
    </groups>
    <test name="Test" duration-ms="9210" started-at="2020-01-17T10:34:46Z" finished-at="2020-01-17T10:34:56Z">
      <class name="com.rapido.test.RapidoAutomation.ValidateAmazonTest">
        <test-method status="PASS" signature="testAmazon()[pri:0, instance:com.rapido.test.RapidoAutomation.ValidateAmazonTest@2a742aa2]" name="testAmazon" duration-ms="8608" started-at="2020-01-17T10:34:46Z" finished-at="2020-01-17T10:34:55Z">
          <reporter-output>
          </reporter-output>
        </test-method> <!-- testAmazon -->
        <test-method status="PASS" signature="tearDown()[pri:0, instance:com.rapido.test.RapidoAutomation.ValidateAmazonTest@2a742aa2]" name="tearDown" is-config="true" duration-ms="420" started-at="2020-01-17T10:34:55Z" finished-at="2020-01-17T10:34:56Z">
          <reporter-output>
          </reporter-output>
        </test-method> <!-- tearDown -->
      </class> <!-- com.rapido.test.RapidoAutomation.ValidateAmazonTest -->
    </test> <!-- Test -->
  </suite> <!-- Suite -->
</testng-results>
